[0.036s] Invoking command in '/home/vini_dunker/COSMOS-AFS/cosmos_ws/build/cosmos_interfaces': CMAKE_PREFIX_PATH=${CMAKE_PREFIX_PATH}:/home/vini_dunker/COSMOS-AFS/cosmos_ws/install/sensors_pkg:/home/vini_dunker/COSMOS-AFS/cosmos_ws/install/communication_pkg:/home/vini_dunker/COSMOS-AFS/cosmos_ws/install/camera_pkg:/home/vini_dunker/Automation/mrt19ROS_ws/install/traverse_state_pkg:/home/vini_dunker/Automation/mrt19ROS_ws/install/state_machine_pkg:/home/vini_dunker/Automation/mrt19ROS_ws/install/mrt19_pkg:/home/vini_dunker/Automation/mrt19ROS_ws/install/drum_pkg:/home/vini_dunker/Automation/mrt19ROS_ws/install/data_acquition_pkg:/home/vini_dunker/udemy_ws/install/my_py_pkg:/home/vini_dunker/mrt_ws/install/traverse_stage:/home/vini_dunker/mrt_ws/install/state_machine:/home/vini_dunker/mrt_ws/install/data_acquisition:/opt/ros/humble /usr/bin/cmake --build /home/vini_dunker/COSMOS-AFS/cosmos_ws/build/cosmos_interfaces -- -j12 -l12
[0.268s] -- Found ament_cmake: 1.3.4 (/opt/ros/humble/share/ament_cmake/cmake)
[0.268s] -- Found rosidl_default_generators: 1.2.0 (/opt/ros/humble/share/rosidl_default_generators/cmake)
[0.269s] -- Using all available rosidl_typesupport_c: rosidl_typesupport_fastrtps_c;rosidl_typesupport_introspection_c
[0.269s] -- Found rosidl_adapter: 3.1.4 (/opt/ros/humble/share/rosidl_adapter/cmake)
[0.412s] -- Using all available rosidl_typesupport_cpp: rosidl_typesupport_fastrtps_cpp;rosidl_typesupport_introspection_cpp
[0.613s] [31mCMake Error at /opt/ros/humble/share/rosidl_adapter/cmake/rosidl_adapt_interfaces.cmake:59 (message):
[0.613s]   execute_process(/usr/bin/python3.10 -m rosidl_adapter --package-name
[0.613s]   cosmos_interfaces --arguments-file
[0.613s]   /home/vini_dunker/COSMOS-AFS/cosmos_ws/build/cosmos_interfaces/rosidl_adapter__arguments__cosmos_interfaces.json
[0.613s]   --output-dir
[0.613s]   /home/vini_dunker/COSMOS-AFS/cosmos_ws/build/cosmos_interfaces/rosidl_adapter/cosmos_interfaces
[0.613s]   --output-file
[0.614s]   /home/vini_dunker/COSMOS-AFS/cosmos_ws/build/cosmos_interfaces/rosidl_adapter/cosmos_interfaces.idls)
[0.614s]   returned error code 1:
[0.614s] 
[0.614s]   Error processing 'int mission' of 'cosmos_interfaces/Position': ''int' is
[0.614s]   an invalid message name.  It should have the pattern '^[A-Z][A-Za-z0-9]*$''
[0.614s] 
[0.614s]   Traceback (most recent call last):
[0.614s] 
[0.614s]     File "/usr/lib/python3.10/runpy.py", line 196, in _run_module_as_main
[0.614s]       return _run_code(code, main_globals, None,
[0.614s]     File "/usr/lib/python3.10/runpy.py", line 86, in _run_code
[0.615s]       exec(code, run_globals)
[0.615s]     File "/opt/ros/humble/local/lib/python3.10/dist-packages/rosidl_adapter/__main__.py", line 19, in <module>
[0.615s]       sys.exit(main())
[0.615s]     File "/opt/ros/humble/local/lib/python3.10/dist-packages/rosidl_adapter/main.py", line 53, in main
[0.615s]       abs_idl_file = convert_to_idl(
[0.615s]     File "/opt/ros/humble/local/lib/python3.10/dist-packages/rosidl_adapter/__init__.py", line 19, in convert_to_idl
[0.615s]       return convert_msg_to_idl(
[0.615s]     File "/opt/ros/humble/local/lib/python3.10/dist-packages/rosidl_adapter/msg/__init__.py", line 28, in convert_msg_to_idl
[0.615s]       msg = parse_message_string(package_name, input_file.stem, content)
[0.615s]     File "/opt/ros/humble/local/lib/python3.10/dist-packages/rosidl_adapter/parser.py", line 520, in parse_message_string
[0.615s]       Type(type_string, context_package_name=pkg_name),
[0.616s]     File "/opt/ros/humble/local/lib/python3.10/dist-packages/rosidl_adapter/parser.py", line 277, in __init__
[0.616s]       super(Type, self).__init__(
[0.616s]     File "/opt/ros/humble/local/lib/python3.10/dist-packages/rosidl_adapter/parser.py", line 205, in __init__
[0.616s]       raise InvalidResourceName(
[0.616s] 
[0.616s]   rosidl_adapter.parser.InvalidResourceName: 'int' is an invalid message
[0.616s]   name.  It should have the pattern '^[A-Z][A-Za-z0-9]*$'
[0.616s] 
[0.616s] Call Stack (most recent call first):
[0.616s]   /opt/ros/humble/share/rosidl_cmake/cmake/rosidl_generate_interfaces.cmake:130 (rosidl_adapt_interfaces)
[0.617s]   CMakeLists.txt:11 (rosidl_generate_interfaces)
[0.617s] 
[0.617s] [0m
[0.617s] -- Configuring incomplete, errors occurred!
[0.617s] See also "/home/vini_dunker/COSMOS-AFS/cosmos_ws/build/cosmos_interfaces/CMakeFiles/CMakeOutput.log".
[0.617s] gmake: *** [Makefile:747: cmake_check_build_system] Error 1
[0.619s] Invoked command in '/home/vini_dunker/COSMOS-AFS/cosmos_ws/build/cosmos_interfaces' returned '2': CMAKE_PREFIX_PATH=${CMAKE_PREFIX_PATH}:/home/vini_dunker/COSMOS-AFS/cosmos_ws/install/sensors_pkg:/home/vini_dunker/COSMOS-AFS/cosmos_ws/install/communication_pkg:/home/vini_dunker/COSMOS-AFS/cosmos_ws/install/camera_pkg:/home/vini_dunker/Automation/mrt19ROS_ws/install/traverse_state_pkg:/home/vini_dunker/Automation/mrt19ROS_ws/install/state_machine_pkg:/home/vini_dunker/Automation/mrt19ROS_ws/install/mrt19_pkg:/home/vini_dunker/Automation/mrt19ROS_ws/install/drum_pkg:/home/vini_dunker/Automation/mrt19ROS_ws/install/data_acquition_pkg:/home/vini_dunker/udemy_ws/install/my_py_pkg:/home/vini_dunker/mrt_ws/install/traverse_stage:/home/vini_dunker/mrt_ws/install/state_machine:/home/vini_dunker/mrt_ws/install/data_acquisition:/opt/ros/humble /usr/bin/cmake --build /home/vini_dunker/COSMOS-AFS/cosmos_ws/build/cosmos_interfaces -- -j12 -l12
