[0.038s] Invoking command in '/home/vini_dunker/COSMOS-AFS/cosmos_ws/build/cosmos_interfaces': CMAKE_PREFIX_PATH=${CMAKE_PREFIX_PATH}:/home/vini_dunker/COSMOS-AFS/cosmos_ws/install/sensors_pkg:/home/vini_dunker/COSMOS-AFS/cosmos_ws/install/communication_pkg:/home/vini_dunker/COSMOS-AFS/cosmos_ws/install/camera_pkg:/home/vini_dunker/Automation/mrt19ROS_ws/install/traverse_state_pkg:/home/vini_dunker/Automation/mrt19ROS_ws/install/state_machine_pkg:/home/vini_dunker/Automation/mrt19ROS_ws/install/mrt19_pkg:/home/vini_dunker/Automation/mrt19ROS_ws/install/drum_pkg:/home/vini_dunker/Automation/mrt19ROS_ws/install/data_acquition_pkg:/home/vini_dunker/udemy_ws/install/my_py_pkg:/home/vini_dunker/mrt_ws/install/traverse_stage:/home/vini_dunker/mrt_ws/install/state_machine:/home/vini_dunker/mrt_ws/install/data_acquisition:/opt/ros/humble /usr/bin/cmake --build /home/vini_dunker/COSMOS-AFS/cosmos_ws/build/cosmos_interfaces -- -j12 -l12
[0.282s] -- Found ament_cmake: 1.3.4 (/opt/ros/humble/share/ament_cmake/cmake)
[0.283s] -- Found rosidl_default_generators: 1.2.0 (/opt/ros/humble/share/rosidl_default_generators/cmake)
[0.283s] -- Using all available rosidl_typesupport_c: rosidl_typesupport_fastrtps_c;rosidl_typesupport_introspection_c
[0.283s] -- Found rosidl_adapter: 3.1.4 (/opt/ros/humble/share/rosidl_adapter/cmake)
[0.393s] -- Using all available rosidl_typesupport_cpp: rosidl_typesupport_fastrtps_cpp;rosidl_typesupport_introspection_cpp
[0.580s] [31mCMake Error at /opt/ros/humble/share/rosidl_adapter/cmake/rosidl_adapt_interfaces.cmake:59 (message):
[0.580s]   execute_process(/usr/bin/python3.10 -m rosidl_adapter --package-name
[0.580s]   cosmos_interfaces --arguments-file
[0.580s]   /home/vini_dunker/COSMOS-AFS/cosmos_ws/build/cosmos_interfaces/rosidl_adapter__arguments__cosmos_interfaces.json
[0.580s]   --output-dir
[0.580s]   /home/vini_dunker/COSMOS-AFS/cosmos_ws/build/cosmos_interfaces/rosidl_adapter/cosmos_interfaces
[0.580s]   --output-file
[0.580s]   /home/vini_dunker/COSMOS-AFS/cosmos_ws/build/cosmos_interfaces/rosidl_adapter/cosmos_interfaces.idls)
[0.580s]   returned error code 1:
[0.580s] 
[0.580s]   Error processing 'bool isRunning' of 'cosmos_interfaces/Position':
[0.580s]   ''isRunning' is an invalid field name.  It should have the pattern
[0.581s]   '^(?!.*__)(?!.*_$)[a-z][a-z0-9_]*$''
[0.581s] 
[0.581s]   Traceback (most recent call last):
[0.581s] 
[0.581s]     File "/usr/lib/python3.10/runpy.py", line 196, in _run_module_as_main
[0.581s]       return _run_code(code, main_globals, None,
[0.581s]     File "/usr/lib/python3.10/runpy.py", line 86, in _run_code
[0.581s]       exec(code, run_globals)
[0.581s]     File "/opt/ros/humble/local/lib/python3.10/dist-packages/rosidl_adapter/__main__.py", line 19, in <module>
[0.581s]       sys.exit(main())
[0.581s]     File "/opt/ros/humble/local/lib/python3.10/dist-packages/rosidl_adapter/main.py", line 53, in main
[0.581s]       abs_idl_file = convert_to_idl(
[0.581s]     File "/opt/ros/humble/local/lib/python3.10/dist-packages/rosidl_adapter/__init__.py", line 19, in convert_to_idl
[0.581s]       return convert_msg_to_idl(
[0.581s]     File "/opt/ros/humble/local/lib/python3.10/dist-packages/rosidl_adapter/msg/__init__.py", line 28, in convert_msg_to_idl
[0.581s]       msg = parse_message_string(package_name, input_file.stem, content)
[0.581s]     File "/opt/ros/humble/local/lib/python3.10/dist-packages/rosidl_adapter/parser.py", line 519, in parse_message_string
[0.581s]       fields.append(Field(
[0.581s]     File "/opt/ros/humble/local/lib/python3.10/dist-packages/rosidl_adapter/parser.py", line 354, in __init__
[0.582s]       raise NameError(
[0.582s] 
[0.582s]   NameError: 'isRunning' is an invalid field name.  It should have the
[0.582s]   pattern '^(?!.*__)(?!.*_$)[a-z][a-z0-9_]*$'
[0.582s] 
[0.582s] Call Stack (most recent call first):
[0.582s]   /opt/ros/humble/share/rosidl_cmake/cmake/rosidl_generate_interfaces.cmake:130 (rosidl_adapt_interfaces)
[0.582s]   CMakeLists.txt:11 (rosidl_generate_interfaces)
[0.582s] 
[0.582s] [0m
[0.582s] -- Configuring incomplete, errors occurred!
[0.582s] See also "/home/vini_dunker/COSMOS-AFS/cosmos_ws/build/cosmos_interfaces/CMakeFiles/CMakeOutput.log".
[0.584s] gmake: *** [Makefile:747: cmake_check_build_system] Error 1
[0.587s] Invoked command in '/home/vini_dunker/COSMOS-AFS/cosmos_ws/build/cosmos_interfaces' returned '2': CMAKE_PREFIX_PATH=${CMAKE_PREFIX_PATH}:/home/vini_dunker/COSMOS-AFS/cosmos_ws/install/sensors_pkg:/home/vini_dunker/COSMOS-AFS/cosmos_ws/install/communication_pkg:/home/vini_dunker/COSMOS-AFS/cosmos_ws/install/camera_pkg:/home/vini_dunker/Automation/mrt19ROS_ws/install/traverse_state_pkg:/home/vini_dunker/Automation/mrt19ROS_ws/install/state_machine_pkg:/home/vini_dunker/Automation/mrt19ROS_ws/install/mrt19_pkg:/home/vini_dunker/Automation/mrt19ROS_ws/install/drum_pkg:/home/vini_dunker/Automation/mrt19ROS_ws/install/data_acquition_pkg:/home/vini_dunker/udemy_ws/install/my_py_pkg:/home/vini_dunker/mrt_ws/install/traverse_stage:/home/vini_dunker/mrt_ws/install/state_machine:/home/vini_dunker/mrt_ws/install/data_acquisition:/opt/ros/humble /usr/bin/cmake --build /home/vini_dunker/COSMOS-AFS/cosmos_ws/build/cosmos_interfaces -- -j12 -l12
