[0.042s] Invoking command in '/home/vini_dunker/COSMOS-AFS/cosmos_ws/build/attitude_control_pkg': CMAKE_PREFIX_PATH=${CMAKE_PREFIX_PATH}:/home/vini_dunker/COSMOS-AFS/cosmos_ws/install/sensors_pkg:/home/vini_dunker/COSMOS-AFS/cosmos_ws/install/communication_pkg:/home/vini_dunker/COSMOS-AFS/cosmos_ws/install/camera_pkg:/home/vini_dunker/COSMOS-AFS/cosmos_ws/install/attitude_control_pkg:/home/vini_dunker/Automation/mrt19ROS_ws/install/traverse_state_pkg:/home/vini_dunker/Automation/mrt19ROS_ws/install/state_machine_pkg:/home/vini_dunker/Automation/mrt19ROS_ws/install/mrt19_pkg:/home/vini_dunker/Automation/mrt19ROS_ws/install/drum_pkg:/home/vini_dunker/Automation/mrt19ROS_ws/install/data_acquition_pkg:/home/vini_dunker/udemy_ws/install/my_py_pkg:/home/vini_dunker/mrt_ws/install/traverse_stage:/home/vini_dunker/mrt_ws/install/state_machine:/home/vini_dunker/mrt_ws/install/data_acquisition:/opt/ros/humble /usr/bin/cmake --build /home/vini_dunker/COSMOS-AFS/cosmos_ws/build/attitude_control_pkg -- -j12 -l12
[0.565s] In file included from [01m[K/home/vini_dunker/COSMOS-AFS/cosmos_ws/src/attitude_control_pkg/src/reaction_wheels_node.cpp:1[m[K:
[0.565s] [01m[K/home/vini_dunker/COSMOS-AFS/cosmos_ws/src/attitude_control_pkg/include/attitude_control_pkg/reaction_wheels_node.hpp:5:10:[m[K [01;31m[Kfatal error: [m[Kcosmos_interfaces/msg/reaction_wheels.hpp: No such file or directory
[0.565s]     5 | #include [01;31m[K"cosmos_interfaces/msg/reaction_wheels.hpp"[m[K
[0.565s]       |          [01;31m[K^~~~~~~~~~~~~~~~~~~~~~~~~~~~~~~~~~~~~~~~~~~[m[K
[0.566s] compilation terminated.
[0.566s] gmake[2]: *** [CMakeFiles/reaction_wheels.dir/build.make:76: CMakeFiles/reaction_wheels.dir/src/reaction_wheels_node.cpp.o] Error 1
[0.566s] gmake[1]: *** [CMakeFiles/Makefile2:137: CMakeFiles/reaction_wheels.dir/all] Error 2
[0.566s] gmake: *** [Makefile:146: all] Error 2
[0.566s] [35m[1mConsolidate compiler generated dependencies of target reaction_wheels[0m
[0.567s] [ 50%] [32mBuilding CXX object CMakeFiles/reaction_wheels.dir/src/reaction_wheels_node.cpp.o[0m
[0.567s] Invoked command in '/home/vini_dunker/COSMOS-AFS/cosmos_ws/build/attitude_control_pkg' returned '2': CMAKE_PREFIX_PATH=${CMAKE_PREFIX_PATH}:/home/vini_dunker/COSMOS-AFS/cosmos_ws/install/sensors_pkg:/home/vini_dunker/COSMOS-AFS/cosmos_ws/install/communication_pkg:/home/vini_dunker/COSMOS-AFS/cosmos_ws/install/camera_pkg:/home/vini_dunker/COSMOS-AFS/cosmos_ws/install/attitude_control_pkg:/home/vini_dunker/Automation/mrt19ROS_ws/install/traverse_state_pkg:/home/vini_dunker/Automation/mrt19ROS_ws/install/state_machine_pkg:/home/vini_dunker/Automation/mrt19ROS_ws/install/mrt19_pkg:/home/vini_dunker/Automation/mrt19ROS_ws/install/drum_pkg:/home/vini_dunker/Automation/mrt19ROS_ws/install/data_acquition_pkg:/home/vini_dunker/udemy_ws/install/my_py_pkg:/home/vini_dunker/mrt_ws/install/traverse_stage:/home/vini_dunker/mrt_ws/install/state_machine:/home/vini_dunker/mrt_ws/install/data_acquisition:/opt/ros/humble /usr/bin/cmake --build /home/vini_dunker/COSMOS-AFS/cosmos_ws/build/attitude_control_pkg -- -j12 -l12
