[0.000000] (-) TimerEvent: {}
[0.000607] (state_machine_pkg) JobQueued: {'identifier': 'state_machine_pkg', 'dependencies': OrderedDict()}
[0.000675] (state_machine_pkg) JobStarted: {'identifier': 'state_machine_pkg'}
[0.012715] (state_machine_pkg) JobProgress: {'identifier': 'state_machine_pkg', 'progress': 'cmake'}
[0.013053] (state_machine_pkg) Command: {'cmd': ['/usr/bin/cmake', '/home/vini_dunker/COSMOS-AFS/cosmos_ws/src/state_machine_pkg', '-DCMAKE_INSTALL_PREFIX=/home/vini_dunker/COSMOS-AFS/cosmos_ws/install/state_machine_pkg'], 'cwd': '/home/vini_dunker/COSMOS-AFS/cosmos_ws/build/state_machine_pkg', 'env': OrderedDict([('LESSOPEN', '| /usr/bin/lesspipe %s'), ('USER', 'vini_dunker'), ('SHLVL', '1'), ('LD_LIBRARY_PATH', '/home/vini_dunker/udemy_ws/install/udemy_interfaces/lib:/opt/ros/humble/opt/rviz_ogre_vendor/lib:/opt/ros/humble/lib/x86_64-linux-gnu:/opt/ros/humble/lib'), ('HOME', '/home/vini_dunker'), ('OLDPWD', '/home/vini_dunker/COSMOS-AFS/cosmos_ws/src'), ('ROS_PYTHON_VERSION', '3'), ('WSL_DISTRO_NAME', 'Ubuntu'), ('WAYLAND_DISPLAY', 'wayland-0'), ('COLCON_PREFIX_PATH', '/home/vini_dunker/Automation/mrt19ROS_ws/install:/home/vini_dunker/mrt_ws/install:/home/vini_dunker/udemy_ws/install'), ('ROS_DISTRO', 'humble'), ('LOGNAME', 'vini_dunker'), ('NAME', 'Vinicius'), ('WSL_INTEROP', '/run/WSL/371_interop'), ('PULSE_SERVER', 'unix:/mnt/wslg/PulseServer'), ('_', '/usr/bin/colcon'), ('ROS_VERSION', '2'), ('TERM', 'xterm-256color'), ('ROS_LOCALHOST_ONLY', '0'), ('PATH', '/opt/ros/humble/bin:/usr/local/sbin:/usr/local/bin:/usr/sbin:/usr/bin:/sbin:/bin:/usr/games:/usr/local/games:/usr/lib/wsl/lib:/mnt/c/Program Files (x86)/NVIDIA Corporation/PhysX/Common:/mnt/c/Program Files (x86)/Common Files/Oracle/Java/javapath:/mnt/c/Program Files/Microsoft/jdk-11.0.16.101-hotspot/bin:/mnt/c/Program Files/dotnet/:/mnt/c/Windows/system32:/mnt/c/Windows:/mnt/c/Windows/System32/Wbem:/mnt/c/Windows/System32/WindowsPowerShell/v1.0/:/mnt/c/Windows/System32/OpenSSH/:/mnt/c/Program Files/MATLAB/R2022b/bin:/mnt/c/Program Files/MATLAB/R2022a/bin:/mnt/c/Program Files/Microsoft SQL Server/150/Tools/Binn/:/mnt/c/Program Files/Microsoft SQL Server/Client SDK/ODBC/170/Tools/Binn/:/mnt/c/Program Files/NVIDIA Corporation/NVIDIA NvDLISR:/mnt/c/Program Files (x86)/Microsoft SQL Server/150/Tools/Binn/:/mnt/c/Program Files/Microsoft SQL Server/150/DTS/Binn/:/mnt/c/Program Files (x86)/Windows Kits/8.1/Windows Performance Toolkit/:/mnt/c/Program Files/Git/cmd:/mnt/c/WINDOWS/system32:/mnt/c/WINDOWS:/mnt/c/WINDOWS/System32/Wbem:/mnt/c/WINDOWS/System32/WindowsPowerShell/v1.0/:/mnt/c/WINDOWS/System32/OpenSSH/:/mnt/c/FPC/3.2.2/bin/i386-Win32:/mnt/c/Program Files/usbipd-win/:/mnt/c/Program Files (x86)/Windows Kits/10/Windows Performance Toolkit/:/mnt/c/Users/Vinicius Ferreira/AppData/Local/Microsoft/WindowsApps:/mnt/c/Users/Vinicius Ferreira/.dotnet/tools:/mnt/c/Users/Vinicius Ferreira/AppData/Local/JetBrains/Toolbox/scripts:/mnt/c/Program Files/JetBrains/PyCharm Community Edition 2022.3/bin:/mnt/c/Users/Vinicius Ferreira/AppData/Local/Programs/Microsoft VS Code/bin:/mnt/c/Users/Vinicius Ferreira/.dotnet/tools:/snap/bin'), ('XDG_RUNTIME_DIR', '/mnt/wslg/runtime-dir'), ('DISPLAY', ':0'), ('LANG', 'en_US.UTF-8'), ('LS_COLORS', 'rs=0:di=01;34:ln=01;36:mh=00:pi=40;33:so=01;35:do=01;35:bd=40;33;01:cd=40;33;01:or=40;31;01:mi=00:su=37;41:sg=30;43:ca=30;41:tw=30;42:ow=34;42:st=37;44:ex=01;32:*.tar=01;31:*.tgz=01;31:*.arc=01;31:*.arj=01;31:*.taz=01;31:*.lha=01;31:*.lz4=01;31:*.lzh=01;31:*.lzma=01;31:*.tlz=01;31:*.txz=01;31:*.tzo=01;31:*.t7z=01;31:*.zip=01;31:*.z=01;31:*.dz=01;31:*.gz=01;31:*.lrz=01;31:*.lz=01;31:*.lzo=01;31:*.xz=01;31:*.zst=01;31:*.tzst=01;31:*.bz2=01;31:*.bz=01;31:*.tbz=01;31:*.tbz2=01;31:*.tz=01;31:*.deb=01;31:*.rpm=01;31:*.jar=01;31:*.war=01;31:*.ear=01;31:*.sar=01;31:*.rar=01;31:*.alz=01;31:*.ace=01;31:*.zoo=01;31:*.cpio=01;31:*.7z=01;31:*.rz=01;31:*.cab=01;31:*.wim=01;31:*.swm=01;31:*.dwm=01;31:*.esd=01;31:*.jpg=01;35:*.jpeg=01;35:*.mjpg=01;35:*.mjpeg=01;35:*.gif=01;35:*.bmp=01;35:*.pbm=01;35:*.pgm=01;35:*.ppm=01;35:*.tga=01;35:*.xbm=01;35:*.xpm=01;35:*.tif=01;35:*.tiff=01;35:*.png=01;35:*.svg=01;35:*.svgz=01;35:*.mng=01;35:*.pcx=01;35:*.mov=01;35:*.mpg=01;35:*.mpeg=01;35:*.m2v=01;35:*.mkv=01;35:*.webm=01;35:*.webp=01;35:*.ogm=01;35:*.mp4=01;35:*.m4v=01;35:*.mp4v=01;35:*.vob=01;35:*.qt=01;35:*.nuv=01;35:*.wmv=01;35:*.asf=01;35:*.rm=01;35:*.rmvb=01;35:*.flc=01;35:*.avi=01;35:*.fli=01;35:*.flv=01;35:*.gl=01;35:*.dl=01;35:*.xcf=01;35:*.xwd=01;35:*.yuv=01;35:*.cgm=01;35:*.emf=01;35:*.ogv=01;35:*.ogx=01;35:*.aac=00;36:*.au=00;36:*.flac=00;36:*.m4a=00;36:*.mid=00;36:*.midi=00;36:*.mka=00;36:*.mp3=00;36:*.mpc=00;36:*.ogg=00;36:*.ra=00;36:*.wav=00;36:*.oga=00;36:*.opus=00;36:*.spx=00;36:*.xspf=00;36:'), ('AMENT_PREFIX_PATH', '/home/vini_dunker/Automation/mrt19ROS_ws/install/traverse_state_pkg:/home/vini_dunker/Automation/mrt19ROS_ws/install/state_machine_pkg:/home/vini_dunker/Automation/mrt19ROS_ws/install/mrt19_pkg:/home/vini_dunker/Automation/mrt19ROS_ws/install/drum_pkg:/home/vini_dunker/Automation/mrt19ROS_ws/install/data_acquition_pkg:/home/vini_dunker/udemy_ws/install/udemy_bringup:/home/vini_dunker/udemy_ws/install/my_py_pkg:/home/vini_dunker/udemy_ws/install/my_cpp_pkg:/home/vini_dunker/udemy_ws/install/udemy_interfaces:/home/vini_dunker/mrt_ws/install/traverse_stage:/home/vini_dunker/mrt_ws/install/state_machine:/home/vini_dunker/mrt_ws/install/data_acquisition:/opt/ros/humble'), ('SHELL', '/bin/bash'), ('LESSCLOSE', '/usr/bin/lesspipe %s %s'), ('PWD', '/home/vini_dunker/COSMOS-AFS/cosmos_ws/build/state_machine_pkg'), ('XDG_DATA_DIRS', '/usr/local/share:/usr/share:/var/lib/snapd/desktop'), ('PYTHONPATH', '/home/vini_dunker/Automation/mrt19ROS_ws/install/traverse_state_pkg/lib/python3.10/site-packages:/home/vini_dunker/Automation/mrt19ROS_ws/install/state_machine_pkg/lib/python3.10/site-packages:/home/vini_dunker/Automation/mrt19ROS_ws/install/mrt19_pkg/lib/python3.10/site-packages:/home/vini_dunker/Automation/mrt19ROS_ws/install/drum_pkg/lib/python3.10/site-packages:/home/vini_dunker/Automation/mrt19ROS_ws/install/data_acquition_pkg/lib/python3.10/site-packages:/home/vini_dunker/udemy_ws/install/my_py_pkg/lib/python3.10/site-packages:/home/vini_dunker/udemy_ws/install/udemy_interfaces/local/lib/python3.10/dist-packages:/home/vini_dunker/mrt_ws/install/traverse_stage/lib/python3.10/site-packages:/home/vini_dunker/mrt_ws/install/state_machine/lib/python3.10/site-packages:/home/vini_dunker/mrt_ws/install/data_acquisition/lib/python3.10/site-packages:/opt/ros/humble/lib/python3.10/site-packages:/opt/ros/humble/local/lib/python3.10/dist-packages'), ('COLCON', '1'), ('WSL2_GUI_APPS_ENABLED', '1'), ('HOSTTYPE', 'x86_64'), ('CMAKE_PREFIX_PATH', '/home/vini_dunker/udemy_ws/install/udemy_bringup:/home/vini_dunker/udemy_ws/install/my_cpp_pkg:/home/vini_dunker/udemy_ws/install/udemy_interfaces:/home/vini_dunker/Automation/mrt19ROS_ws/install/traverse_state_pkg:/home/vini_dunker/Automation/mrt19ROS_ws/install/state_machine_pkg:/home/vini_dunker/Automation/mrt19ROS_ws/install/mrt19_pkg:/home/vini_dunker/Automation/mrt19ROS_ws/install/drum_pkg:/home/vini_dunker/Automation/mrt19ROS_ws/install/data_acquition_pkg:/home/vini_dunker/udemy_ws/install/my_py_pkg:/home/vini_dunker/mrt_ws/install/traverse_stage:/home/vini_dunker/mrt_ws/install/state_machine:/home/vini_dunker/mrt_ws/install/data_acquisition:/opt/ros/humble'), ('WSLENV', '')]), 'shell': False}
[0.099352] (-) TimerEvent: {}
[0.199743] (-) TimerEvent: {}
[0.300208] (-) TimerEvent: {}
[0.318796] (state_machine_pkg) StdoutLine: {'line': b'-- The C compiler identification is GNU 11.4.0\n'}
[0.400367] (-) TimerEvent: {}
[0.500844] (-) TimerEvent: {}
[0.601289] (-) TimerEvent: {}
[0.701673] (-) TimerEvent: {}
[0.802071] (-) TimerEvent: {}
[0.902475] (-) TimerEvent: {}
[1.002857] (-) TimerEvent: {}
[1.103224] (-) TimerEvent: {}
[1.203617] (-) TimerEvent: {}
[1.304017] (-) TimerEvent: {}
[1.404413] (-) TimerEvent: {}
[1.504811] (-) TimerEvent: {}
[1.514015] (state_machine_pkg) StdoutLine: {'line': b'-- The CXX compiler identification is GNU 11.4.0\n'}
[1.604966] (-) TimerEvent: {}
[1.705399] (-) TimerEvent: {}
[1.805863] (-) TimerEvent: {}
[1.906268] (-) TimerEvent: {}
[2.006695] (-) TimerEvent: {}
[2.107090] (-) TimerEvent: {}
[2.207513] (-) TimerEvent: {}
[2.307960] (-) TimerEvent: {}
[2.408409] (-) TimerEvent: {}
[2.440121] (state_machine_pkg) StdoutLine: {'line': b'-- Detecting C compiler ABI info\n'}
[2.508559] (-) TimerEvent: {}
[2.608984] (-) TimerEvent: {}
[2.701531] (state_machine_pkg) StdoutLine: {'line': b'-- Detecting C compiler ABI info - done\n'}
[2.709143] (-) TimerEvent: {}
[2.709346] (state_machine_pkg) StdoutLine: {'line': b'-- Check for working C compiler: /usr/bin/cc - skipped\n'}
[2.710173] (state_machine_pkg) StdoutLine: {'line': b'-- Detecting C compile features\n'}
[2.711324] (state_machine_pkg) StdoutLine: {'line': b'-- Detecting C compile features - done\n'}
[2.715065] (state_machine_pkg) StdoutLine: {'line': b'-- Detecting CXX compiler ABI info\n'}
[2.809279] (-) TimerEvent: {}
[2.909673] (-) TimerEvent: {}
[2.971803] (state_machine_pkg) StdoutLine: {'line': b'-- Detecting CXX compiler ABI info - done\n'}
[2.978282] (state_machine_pkg) StdoutLine: {'line': b'-- Check for working CXX compiler: /usr/bin/c++ - skipped\n'}
[2.978720] (state_machine_pkg) StdoutLine: {'line': b'-- Detecting CXX compile features\n'}
[2.978983] (state_machine_pkg) StdoutLine: {'line': b'-- Detecting CXX compile features - done\n'}
[2.991561] (state_machine_pkg) StdoutLine: {'line': b'-- Found ament_cmake: 1.3.4 (/opt/ros/humble/share/ament_cmake/cmake)\n'}
[3.009825] (-) TimerEvent: {}
[3.110234] (-) TimerEvent: {}
[3.141794] (state_machine_pkg) StdoutLine: {'line': b'-- Found Python3: /usr/bin/python3.10 (found version "3.10.6") found components: Interpreter \n'}
[3.210399] (-) TimerEvent: {}
[3.247974] (state_machine_pkg) StdoutLine: {'line': b'-- Found rclcpp: 16.0.4 (/opt/ros/humble/share/rclcpp/cmake)\n'}
[3.310537] (-) TimerEvent: {}
[3.410929] (-) TimerEvent: {}
[3.511325] (-) TimerEvent: {}
[3.602023] (state_machine_pkg) StdoutLine: {'line': b'-- Found rosidl_generator_c: 3.1.4 (/opt/ros/humble/share/rosidl_generator_c/cmake)\n'}
[3.610287] (state_machine_pkg) StdoutLine: {'line': b'-- Found rosidl_adapter: 3.1.4 (/opt/ros/humble/share/rosidl_adapter/cmake)\n'}
[3.611411] (-) TimerEvent: {}
[3.623848] (state_machine_pkg) StdoutLine: {'line': b'-- Found rosidl_generator_cpp: 3.1.4 (/opt/ros/humble/share/rosidl_generator_cpp/cmake)\n'}
[3.646934] (state_machine_pkg) StdoutLine: {'line': b'-- Using all available rosidl_typesupport_c: rosidl_typesupport_fastrtps_c;rosidl_typesupport_introspection_c\n'}
[3.673810] (state_machine_pkg) StdoutLine: {'line': b'-- Using all available rosidl_typesupport_cpp: rosidl_typesupport_fastrtps_cpp;rosidl_typesupport_introspection_cpp\n'}
[3.711572] (-) TimerEvent: {}
[3.766146] (state_machine_pkg) StdoutLine: {'line': b'-- Found rmw_implementation_cmake: 6.1.1 (/opt/ros/humble/share/rmw_implementation_cmake/cmake)\n'}
[3.771683] (state_machine_pkg) StdoutLine: {'line': b'-- Found rmw_fastrtps_cpp: 6.2.2 (/opt/ros/humble/share/rmw_fastrtps_cpp/cmake)\n'}
[3.811718] (-) TimerEvent: {}
[3.912114] (-) TimerEvent: {}
[4.012539] (-) TimerEvent: {}
[4.112940] (-) TimerEvent: {}
[4.213316] (-) TimerEvent: {}
[4.313710] (-) TimerEvent: {}
[4.414132] (-) TimerEvent: {}
[4.514543] (-) TimerEvent: {}
[4.614896] (-) TimerEvent: {}
[4.715304] (-) TimerEvent: {}
[4.815692] (-) TimerEvent: {}
[4.916091] (-) TimerEvent: {}
[5.016584] (-) TimerEvent: {}
[5.117039] (-) TimerEvent: {}
[5.217433] (-) TimerEvent: {}
[5.317877] (-) TimerEvent: {}
[5.418325] (-) TimerEvent: {}
[5.518700] (-) TimerEvent: {}
[5.619086] (-) TimerEvent: {}
[5.719477] (-) TimerEvent: {}
[5.819904] (-) TimerEvent: {}
[5.920323] (-) TimerEvent: {}
[6.020712] (-) TimerEvent: {}
[6.121093] (-) TimerEvent: {}
[6.221480] (-) TimerEvent: {}
[6.321875] (-) TimerEvent: {}
[6.422281] (-) TimerEvent: {}
[6.522652] (-) TimerEvent: {}
[6.623030] (-) TimerEvent: {}
[6.723397] (-) TimerEvent: {}
[6.795541] (state_machine_pkg) StdoutLine: {'line': b'-- Found OpenSSL: /usr/lib/x86_64-linux-gnu/libcrypto.so (found version "3.0.2")  \n'}
[6.823547] (-) TimerEvent: {}
[6.923919] (-) TimerEvent: {}
[7.024339] (-) TimerEvent: {}
[7.124730] (-) TimerEvent: {}
[7.225149] (-) TimerEvent: {}
[7.325535] (-) TimerEvent: {}
[7.425904] (-) TimerEvent: {}
[7.526325] (-) TimerEvent: {}
[7.626728] (-) TimerEvent: {}
[7.727104] (-) TimerEvent: {}
[7.827534] (-) TimerEvent: {}
[7.927940] (-) TimerEvent: {}
[8.028333] (-) TimerEvent: {}
[8.128747] (-) TimerEvent: {}
[8.229204] (-) TimerEvent: {}
[8.329642] (-) TimerEvent: {}
[8.430067] (-) TimerEvent: {}
[8.530491] (-) TimerEvent: {}
[8.630874] (-) TimerEvent: {}
[8.731348] (-) TimerEvent: {}
[8.831743] (-) TimerEvent: {}
[8.932130] (-) TimerEvent: {}
[9.032501] (-) TimerEvent: {}
[9.132925] (-) TimerEvent: {}
[9.233445] (-) TimerEvent: {}
[9.333930] (-) TimerEvent: {}
[9.434412] (-) TimerEvent: {}
[9.534862] (-) TimerEvent: {}
[9.635366] (-) TimerEvent: {}
[9.735908] (-) TimerEvent: {}
[9.836345] (-) TimerEvent: {}
[9.936789] (-) TimerEvent: {}
[10.037244] (-) TimerEvent: {}
[10.137702] (-) TimerEvent: {}
[10.238154] (-) TimerEvent: {}
[10.338553] (-) TimerEvent: {}
[10.409774] (state_machine_pkg) StdoutLine: {'line': b'-- Found FastRTPS: /opt/ros/humble/include  \n'}
[10.438694] (-) TimerEvent: {}
[10.539113] (-) TimerEvent: {}
[10.639543] (-) TimerEvent: {}
[10.739949] (-) TimerEvent: {}
[10.840349] (-) TimerEvent: {}
[10.940796] (-) TimerEvent: {}
[11.041146] (-) TimerEvent: {}
[11.141516] (-) TimerEvent: {}
[11.241934] (-) TimerEvent: {}
[11.342349] (-) TimerEvent: {}
[11.442756] (-) TimerEvent: {}
[11.543132] (-) TimerEvent: {}
[11.643505] (-) TimerEvent: {}
[11.743868] (-) TimerEvent: {}
[11.844263] (-) TimerEvent: {}
[11.944686] (-) TimerEvent: {}
[12.045131] (-) TimerEvent: {}
[12.145506] (-) TimerEvent: {}
[12.245882] (-) TimerEvent: {}
[12.346254] (-) TimerEvent: {}
[12.446646] (-) TimerEvent: {}
[12.547087] (-) TimerEvent: {}
[12.647546] (-) TimerEvent: {}
[12.747950] (-) TimerEvent: {}
[12.848374] (-) TimerEvent: {}
[12.948761] (-) TimerEvent: {}
[13.049148] (-) TimerEvent: {}
[13.149543] (-) TimerEvent: {}
[13.250057] (-) TimerEvent: {}
[13.350520] (-) TimerEvent: {}
[13.383552] (state_machine_pkg) CommandEnded: {'returncode': -2}
[13.387658] (state_machine_pkg) StderrLine: {'line': b'Traceback (most recent call last):\n  File "/usr/lib/python3/dist-packages/colcon_parallel_executor/executor/parallel.py", line 67, in execute\n    loop.run_until_complete(future)\n  File "/usr/lib/python3.10/asyncio/base_events.py", line 633, in run_until_complete\n    self.run_forever()\n  File "/usr/lib/python3.10/asyncio/base_events.py", line 600, in run_forever\n    self._run_once()\n  File "/usr/lib/python3.10/asyncio/base_events.py", line 1860, in _run_once\n    event_list = self._selector.select(timeout)\n  File "/usr/lib/python3.10/selectors.py", line 469, in select\n    fd_event_list = self._selector.poll(timeout, max_ev)\nKeyboardInterrupt\n\nDuring handling of the above exception, another exception occurred:\n\nTraceback (most recent call last):\n  File "/usr/lib/python3/dist-packages/colcon_core/executor/__init__.py", line 91, in __call__\n    rc = await self.task(*args, **kwargs)\n  File "/usr/lib/python3/dist-packages/colcon_core/task/__init__.py", line 93, in __call__\n    return await task_method(*args, **kwargs)\n  File "/usr/lib/python3/dist-packages/colcon_ros/task/ament_cmake/build.py", line 59, in build\n    rc = await extension.build(\n  File "/usr/lib/python3/dist-packages/colcon_cmake/task/cmake/build.py", line 87, in build\n    rc = await self._reconfigure(args, env)\n  File "/usr/lib/python3/dist-packages/colcon_cmake/task/cmake/build.py", line 182, in _reconfigure\n    buildfile = get_buildfile(cmake_cache)\n  File "/usr/lib/python3/dist-packages/colcon_cmake/task/cmake/__init__.py", line 112, in get_buildfile\n    if \'Ninja\' in generator:\nTypeError: argument of type \'NoneType\' is not iterable\n'}
[13.387905] (state_machine_pkg) JobEnded: {'identifier': 'state_machine_pkg', 'rc': 'SIGINT'}
[13.398322] (-) EventReactorShutdown: {}
