-- Found ament_cmake: 1.3.4 (/opt/ros/humble/share/ament_cmake/cmake)
-- Found rclcpp: 16.0.4 (/opt/ros/humble/share/rclcpp/cmake)
-- Found rosidl_generator_c: 3.1.4 (/opt/ros/humble/share/rosidl_generator_c/cmake)
-- Found rosidl_adapter: 3.1.4 (/opt/ros/humble/share/rosidl_adapter/cmake)
-- Found rosidl_generator_cpp: 3.1.4 (/opt/ros/humble/share/rosidl_generator_cpp/cmake)
-- Using all available rosidl_typesupport_c: rosidl_typesupport_fastrtps_c;rosidl_typesupport_introspection_c
-- Using all available rosidl_typesupport_cpp: rosidl_typesupport_fastrtps_cpp;rosidl_typesupport_introspection_cpp
-- Found rmw_implementation_cmake: 6.1.1 (/opt/ros/humble/share/rmw_implementation_cmake/cmake)
-- Found rmw_fastrtps_cpp: 6.2.2 (/opt/ros/humble/share/rmw_fastrtps_cpp/cmake)
-- Using RMW implementation 'rmw_fastrtps_cpp' as default
-- Found cosmos_interfaces: 0.0.0 (/home/vini_dunker/COSMOS-AFS/cosmos_ws/install/cosmos_interfaces/share/cosmos_interfaces/cmake)
-- Configuring done
-- Generating done
-- Build files have been written to: /home/vini_dunker/COSMOS-AFS/cosmos_ws/build/attitude_control_pkg
[35m[1mConsolidate compiler generated dependencies of target attitude_control[0m
[ 50%] [32mBuilding CXX object CMakeFiles/attitude_control.dir/src/attitude_control_node.cpp.o[0m
[01m[K/home/vini_dunker/COSMOS-AFS/cosmos_ws/src/attitude_control_pkg/src/attitude_control_node.cpp:[m[K In member function â€˜[01m[Kcosmos_interfaces::msg::Attitude_<std::allocator<void> >::SharedPtr AttitudeControl::getQuaternion(const string&)[m[Kâ€™:
[01m[K/home/vini_dunker/COSMOS-AFS/cosmos_ws/src/attitude_control_pkg/src/attitude_control_node.cpp:49:7:[m[K [01;31m[Kerror: [m[Kreturn-statement with no value, in function returning â€˜[01m[Kcosmos_interfaces::msg::Attitude_<std::allocator<void> >::SharedPtr[m[Kâ€™ {aka â€˜[01m[Kstd::shared_ptr<cosmos_interfaces::msg::Attitude_<std::allocator<void> > >[m[Kâ€™} [[01;31m[K]8;;https://gcc.gnu.org/onlinedocs/gcc/Warning-Options.html#index-fpermissive-fpermissive]8;;[m[K]
   49 |       [01;31m[Kreturn[m[K;
      |       [01;31m[K^~~~~~[m[K
gmake[2]: *** [CMakeFiles/attitude_control.dir/build.make:76: CMakeFiles/attitude_control.dir/src/attitude_control_node.cpp.o] Error 1
gmake[1]: *** [CMakeFiles/Makefile2:137: CMakeFiles/attitude_control.dir/all] Error 2
gmake: *** [Makefile:146: all] Error 2
