[0.000000] (-) TimerEvent: {}
[0.000543] (state_machine_pkg) JobQueued: {'identifier': 'state_machine_pkg', 'dependencies': OrderedDict()}
[0.000601] (state_machine_pkg) JobStarted: {'identifier': 'state_machine_pkg'}
[0.012568] (state_machine_pkg) JobProgress: {'identifier': 'state_machine_pkg', 'progress': 'cmake'}
[0.012950] (state_machine_pkg) Command: {'cmd': ['/usr/bin/cmake', '/home/vini_dunker/COSMOS-AFS/cosmos_ws/src/state_machine_pkg', '-DCMAKE_INSTALL_PREFIX=/home/vini_dunker/COSMOS-AFS/cosmos_ws/install/state_machine_pkg'], 'cwd': '/home/vini_dunker/COSMOS-AFS/cosmos_ws/build/state_machine_pkg', 'env': OrderedDict([('LESSOPEN', '| /usr/bin/lesspipe %s'), ('USER', 'vini_dunker'), ('SHLVL', '1'), ('LD_LIBRARY_PATH', '/home/vini_dunker/udemy_ws/install/udemy_interfaces/lib:/opt/ros/humble/opt/rviz_ogre_vendor/lib:/opt/ros/humble/lib/x86_64-linux-gnu:/opt/ros/humble/lib'), ('HOME', '/home/vini_dunker'), ('OLDPWD', '/home/vini_dunker/COSMOS-AFS/cosmos_ws/src'), ('ROS_PYTHON_VERSION', '3'), ('WSL_DISTRO_NAME', 'Ubuntu'), ('WAYLAND_DISPLAY', 'wayland-0'), ('COLCON_PREFIX_PATH', '/home/vini_dunker/Automation/mrt19ROS_ws/install:/home/vini_dunker/mrt_ws/install:/home/vini_dunker/udemy_ws/install'), ('ROS_DISTRO', 'humble'), ('LOGNAME', 'vini_dunker'), ('NAME', 'Vinicius'), ('WSL_INTEROP', '/run/WSL/371_interop'), ('PULSE_SERVER', 'unix:/mnt/wslg/PulseServer'), ('_', '/usr/bin/colcon'), ('ROS_VERSION', '2'), ('TERM', 'xterm-256color'), ('ROS_LOCALHOST_ONLY', '0'), ('PATH', '/opt/ros/humble/bin:/usr/local/sbin:/usr/local/bin:/usr/sbin:/usr/bin:/sbin:/bin:/usr/games:/usr/local/games:/usr/lib/wsl/lib:/mnt/c/Program Files (x86)/NVIDIA Corporation/PhysX/Common:/mnt/c/Program Files (x86)/Common Files/Oracle/Java/javapath:/mnt/c/Program Files/Microsoft/jdk-11.0.16.101-hotspot/bin:/mnt/c/Program Files/dotnet/:/mnt/c/Windows/system32:/mnt/c/Windows:/mnt/c/Windows/System32/Wbem:/mnt/c/Windows/System32/WindowsPowerShell/v1.0/:/mnt/c/Windows/System32/OpenSSH/:/mnt/c/Program Files/MATLAB/R2022b/bin:/mnt/c/Program Files/MATLAB/R2022a/bin:/mnt/c/Program Files/Microsoft SQL Server/150/Tools/Binn/:/mnt/c/Program Files/Microsoft SQL Server/Client SDK/ODBC/170/Tools/Binn/:/mnt/c/Program Files/NVIDIA Corporation/NVIDIA NvDLISR:/mnt/c/Program Files (x86)/Microsoft SQL Server/150/Tools/Binn/:/mnt/c/Program Files/Microsoft SQL Server/150/DTS/Binn/:/mnt/c/Program Files (x86)/Windows Kits/8.1/Windows Performance Toolkit/:/mnt/c/Program Files/Git/cmd:/mnt/c/WINDOWS/system32:/mnt/c/WINDOWS:/mnt/c/WINDOWS/System32/Wbem:/mnt/c/WINDOWS/System32/WindowsPowerShell/v1.0/:/mnt/c/WINDOWS/System32/OpenSSH/:/mnt/c/FPC/3.2.2/bin/i386-Win32:/mnt/c/Program Files/usbipd-win/:/mnt/c/Program Files (x86)/Windows Kits/10/Windows Performance Toolkit/:/mnt/c/Users/Vinicius Ferreira/AppData/Local/Microsoft/WindowsApps:/mnt/c/Users/Vinicius Ferreira/.dotnet/tools:/mnt/c/Users/Vinicius Ferreira/AppData/Local/JetBrains/Toolbox/scripts:/mnt/c/Program Files/JetBrains/PyCharm Community Edition 2022.3/bin:/mnt/c/Users/Vinicius Ferreira/AppData/Local/Programs/Microsoft VS Code/bin:/mnt/c/Users/Vinicius Ferreira/.dotnet/tools:/snap/bin'), ('XDG_RUNTIME_DIR', '/mnt/wslg/runtime-dir'), ('DISPLAY', ':0'), ('LANG', 'en_US.UTF-8'), ('LS_COLORS', 'rs=0:di=01;34:ln=01;36:mh=00:pi=40;33:so=01;35:do=01;35:bd=40;33;01:cd=40;33;01:or=40;31;01:mi=00:su=37;41:sg=30;43:ca=30;41:tw=30;42:ow=34;42:st=37;44:ex=01;32:*.tar=01;31:*.tgz=01;31:*.arc=01;31:*.arj=01;31:*.taz=01;31:*.lha=01;31:*.lz4=01;31:*.lzh=01;31:*.lzma=01;31:*.tlz=01;31:*.txz=01;31:*.tzo=01;31:*.t7z=01;31:*.zip=01;31:*.z=01;31:*.dz=01;31:*.gz=01;31:*.lrz=01;31:*.lz=01;31:*.lzo=01;31:*.xz=01;31:*.zst=01;31:*.tzst=01;31:*.bz2=01;31:*.bz=01;31:*.tbz=01;31:*.tbz2=01;31:*.tz=01;31:*.deb=01;31:*.rpm=01;31:*.jar=01;31:*.war=01;31:*.ear=01;31:*.sar=01;31:*.rar=01;31:*.alz=01;31:*.ace=01;31:*.zoo=01;31:*.cpio=01;31:*.7z=01;31:*.rz=01;31:*.cab=01;31:*.wim=01;31:*.swm=01;31:*.dwm=01;31:*.esd=01;31:*.jpg=01;35:*.jpeg=01;35:*.mjpg=01;35:*.mjpeg=01;35:*.gif=01;35:*.bmp=01;35:*.pbm=01;35:*.pgm=01;35:*.ppm=01;35:*.tga=01;35:*.xbm=01;35:*.xpm=01;35:*.tif=01;35:*.tiff=01;35:*.png=01;35:*.svg=01;35:*.svgz=01;35:*.mng=01;35:*.pcx=01;35:*.mov=01;35:*.mpg=01;35:*.mpeg=01;35:*.m2v=01;35:*.mkv=01;35:*.webm=01;35:*.webp=01;35:*.ogm=01;35:*.mp4=01;35:*.m4v=01;35:*.mp4v=01;35:*.vob=01;35:*.qt=01;35:*.nuv=01;35:*.wmv=01;35:*.asf=01;35:*.rm=01;35:*.rmvb=01;35:*.flc=01;35:*.avi=01;35:*.fli=01;35:*.flv=01;35:*.gl=01;35:*.dl=01;35:*.xcf=01;35:*.xwd=01;35:*.yuv=01;35:*.cgm=01;35:*.emf=01;35:*.ogv=01;35:*.ogx=01;35:*.aac=00;36:*.au=00;36:*.flac=00;36:*.m4a=00;36:*.mid=00;36:*.midi=00;36:*.mka=00;36:*.mp3=00;36:*.mpc=00;36:*.ogg=00;36:*.ra=00;36:*.wav=00;36:*.oga=00;36:*.opus=00;36:*.spx=00;36:*.xspf=00;36:'), ('AMENT_PREFIX_PATH', '/home/vini_dunker/Automation/mrt19ROS_ws/install/traverse_state_pkg:/home/vini_dunker/Automation/mrt19ROS_ws/install/state_machine_pkg:/home/vini_dunker/Automation/mrt19ROS_ws/install/mrt19_pkg:/home/vini_dunker/Automation/mrt19ROS_ws/install/drum_pkg:/home/vini_dunker/Automation/mrt19ROS_ws/install/data_acquition_pkg:/home/vini_dunker/udemy_ws/install/udemy_bringup:/home/vini_dunker/udemy_ws/install/my_py_pkg:/home/vini_dunker/udemy_ws/install/my_cpp_pkg:/home/vini_dunker/udemy_ws/install/udemy_interfaces:/home/vini_dunker/mrt_ws/install/traverse_stage:/home/vini_dunker/mrt_ws/install/state_machine:/home/vini_dunker/mrt_ws/install/data_acquisition:/opt/ros/humble'), ('SHELL', '/bin/bash'), ('LESSCLOSE', '/usr/bin/lesspipe %s %s'), ('PWD', '/home/vini_dunker/COSMOS-AFS/cosmos_ws/build/state_machine_pkg'), ('XDG_DATA_DIRS', '/usr/local/share:/usr/share:/var/lib/snapd/desktop'), ('PYTHONPATH', '/home/vini_dunker/Automation/mrt19ROS_ws/install/traverse_state_pkg/lib/python3.10/site-packages:/home/vini_dunker/Automation/mrt19ROS_ws/install/state_machine_pkg/lib/python3.10/site-packages:/home/vini_dunker/Automation/mrt19ROS_ws/install/mrt19_pkg/lib/python3.10/site-packages:/home/vini_dunker/Automation/mrt19ROS_ws/install/drum_pkg/lib/python3.10/site-packages:/home/vini_dunker/Automation/mrt19ROS_ws/install/data_acquition_pkg/lib/python3.10/site-packages:/home/vini_dunker/udemy_ws/install/my_py_pkg/lib/python3.10/site-packages:/home/vini_dunker/udemy_ws/install/udemy_interfaces/local/lib/python3.10/dist-packages:/home/vini_dunker/mrt_ws/install/traverse_stage/lib/python3.10/site-packages:/home/vini_dunker/mrt_ws/install/state_machine/lib/python3.10/site-packages:/home/vini_dunker/mrt_ws/install/data_acquisition/lib/python3.10/site-packages:/opt/ros/humble/lib/python3.10/site-packages:/opt/ros/humble/local/lib/python3.10/dist-packages'), ('COLCON', '1'), ('WSL2_GUI_APPS_ENABLED', '1'), ('HOSTTYPE', 'x86_64'), ('CMAKE_PREFIX_PATH', '/home/vini_dunker/udemy_ws/install/udemy_bringup:/home/vini_dunker/udemy_ws/install/my_cpp_pkg:/home/vini_dunker/udemy_ws/install/udemy_interfaces:/home/vini_dunker/Automation/mrt19ROS_ws/install/traverse_state_pkg:/home/vini_dunker/Automation/mrt19ROS_ws/install/state_machine_pkg:/home/vini_dunker/Automation/mrt19ROS_ws/install/mrt19_pkg:/home/vini_dunker/Automation/mrt19ROS_ws/install/drum_pkg:/home/vini_dunker/Automation/mrt19ROS_ws/install/data_acquition_pkg:/home/vini_dunker/udemy_ws/install/my_py_pkg:/home/vini_dunker/mrt_ws/install/traverse_stage:/home/vini_dunker/mrt_ws/install/state_machine:/home/vini_dunker/mrt_ws/install/data_acquisition:/opt/ros/humble'), ('WSLENV', '')]), 'shell': False}
[0.099461] (-) TimerEvent: {}
[0.199832] (-) TimerEvent: {}
[0.253933] (state_machine_pkg) StdoutLine: {'line': b'-- The C compiler identification is GNU 11.4.0\n'}
[0.299989] (-) TimerEvent: {}
[0.400442] (-) TimerEvent: {}
[0.500843] (-) TimerEvent: {}
[0.601232] (-) TimerEvent: {}
[0.701611] (-) TimerEvent: {}
[0.802019] (-) TimerEvent: {}
[0.902416] (-) TimerEvent: {}
[1.002770] (-) TimerEvent: {}
[1.103167] (-) TimerEvent: {}
[1.203560] (-) TimerEvent: {}
[1.303968] (-) TimerEvent: {}
[1.325950] (state_machine_pkg) StdoutLine: {'line': b'-- The CXX compiler identification is GNU 11.4.0\n'}
[1.404115] (-) TimerEvent: {}
[1.504517] (-) TimerEvent: {}
[1.604920] (-) TimerEvent: {}
[1.705310] (-) TimerEvent: {}
[1.805690] (-) TimerEvent: {}
[1.906094] (-) TimerEvent: {}
[2.006472] (-) TimerEvent: {}
[2.106839] (-) TimerEvent: {}
[2.162758] (state_machine_pkg) StdoutLine: {'line': b'-- Detecting C compiler ABI info\n'}
[2.207006] (-) TimerEvent: {}
[2.307382] (-) TimerEvent: {}
[2.407813] (-) TimerEvent: {}
[2.410833] (state_machine_pkg) StdoutLine: {'line': b'-- Detecting C compiler ABI info - done\n'}
[2.417351] (state_machine_pkg) StdoutLine: {'line': b'-- Check for working C compiler: /usr/bin/cc - skipped\n'}
[2.417757] (state_machine_pkg) StdoutLine: {'line': b'-- Detecting C compile features\n'}
[2.417981] (state_machine_pkg) StdoutLine: {'line': b'-- Detecting C compile features - done\n'}
[2.420262] (state_machine_pkg) StdoutLine: {'line': b'-- Detecting CXX compiler ABI info\n'}
[2.507939] (-) TimerEvent: {}
[2.608350] (-) TimerEvent: {}
[2.650038] (state_machine_pkg) StdoutLine: {'line': b'-- Detecting CXX compiler ABI info - done\n'}
[2.656340] (state_machine_pkg) StdoutLine: {'line': b'-- Check for working CXX compiler: /usr/bin/c++ - skipped\n'}
[2.656640] (state_machine_pkg) StdoutLine: {'line': b'-- Detecting CXX compile features\n'}
[2.657094] (state_machine_pkg) StdoutLine: {'line': b'-- Detecting CXX compile features - done\n'}
[2.659792] (state_machine_pkg) StdoutLine: {'line': b'-- Found ament_cmake: 1.3.4 (/opt/ros/humble/share/ament_cmake/cmake)\n'}
[2.708469] (-) TimerEvent: {}
[2.801712] (state_machine_pkg) StdoutLine: {'line': b'-- Found Python3: /usr/bin/python3.10 (found version "3.10.6") found components: Interpreter \n'}
[2.808590] (-) TimerEvent: {}
[2.878534] (state_machine_pkg) StdoutLine: {'line': b'-- Found rclcpp: 16.0.4 (/opt/ros/humble/share/rclcpp/cmake)\n'}
[2.908739] (-) TimerEvent: {}
[3.009159] (-) TimerEvent: {}
[3.109564] (-) TimerEvent: {}
[3.168589] (state_machine_pkg) StdoutLine: {'line': b'-- Found rosidl_generator_c: 3.1.4 (/opt/ros/humble/share/rosidl_generator_c/cmake)\n'}
[3.174094] (state_machine_pkg) StdoutLine: {'line': b'-- Found rosidl_adapter: 3.1.4 (/opt/ros/humble/share/rosidl_adapter/cmake)\n'}
[3.182952] (state_machine_pkg) StdoutLine: {'line': b'-- Found rosidl_generator_cpp: 3.1.4 (/opt/ros/humble/share/rosidl_generator_cpp/cmake)\n'}
[3.195728] (state_machine_pkg) StdoutLine: {'line': b'-- Using all available rosidl_typesupport_c: rosidl_typesupport_fastrtps_c;rosidl_typesupport_introspection_c\n'}
[3.209714] (-) TimerEvent: {}
[3.214692] (state_machine_pkg) StdoutLine: {'line': b'-- Using all available rosidl_typesupport_cpp: rosidl_typesupport_fastrtps_cpp;rosidl_typesupport_introspection_cpp\n'}
[3.297487] (state_machine_pkg) StdoutLine: {'line': b'-- Found rmw_implementation_cmake: 6.1.1 (/opt/ros/humble/share/rmw_implementation_cmake/cmake)\n'}
[3.300261] (state_machine_pkg) StdoutLine: {'line': b'-- Found rmw_fastrtps_cpp: 6.2.2 (/opt/ros/humble/share/rmw_fastrtps_cpp/cmake)\n'}
[3.309874] (-) TimerEvent: {}
[3.410317] (-) TimerEvent: {}
[3.510741] (-) TimerEvent: {}
[3.611146] (-) TimerEvent: {}
[3.711567] (-) TimerEvent: {}
[3.811974] (-) TimerEvent: {}
[3.912374] (-) TimerEvent: {}
[4.012857] (-) TimerEvent: {}
[4.113272] (-) TimerEvent: {}
[4.213673] (-) TimerEvent: {}
[4.314091] (-) TimerEvent: {}
[4.414495] (-) TimerEvent: {}
[4.514875] (-) TimerEvent: {}
[4.615325] (-) TimerEvent: {}
[4.715754] (-) TimerEvent: {}
[4.816175] (-) TimerEvent: {}
[4.916612] (-) TimerEvent: {}
[5.017039] (-) TimerEvent: {}
[5.117443] (-) TimerEvent: {}
[5.217836] (-) TimerEvent: {}
[5.318213] (-) TimerEvent: {}
[5.418617] (-) TimerEvent: {}
[5.518984] (-) TimerEvent: {}
[5.619381] (-) TimerEvent: {}
[5.719772] (-) TimerEvent: {}
[5.820160] (-) TimerEvent: {}
[5.920526] (-) TimerEvent: {}
[6.020929] (-) TimerEvent: {}
[6.118222] (state_machine_pkg) StdoutLine: {'line': b'-- Found OpenSSL: /usr/lib/x86_64-linux-gnu/libcrypto.so (found version "3.0.2")  \n'}
[6.121020] (-) TimerEvent: {}
[6.221324] (-) TimerEvent: {}
[6.321711] (-) TimerEvent: {}
[6.422139] (-) TimerEvent: {}
[6.522483] (-) TimerEvent: {}
[6.622858] (-) TimerEvent: {}
[6.723226] (-) TimerEvent: {}
[6.823569] (-) TimerEvent: {}
[6.923957] (-) TimerEvent: {}
[7.024606] (-) TimerEvent: {}
[7.125079] (-) TimerEvent: {}
[7.225537] (-) TimerEvent: {}
[7.325963] (-) TimerEvent: {}
[7.426410] (-) TimerEvent: {}
[7.526952] (-) TimerEvent: {}
[7.627294] (-) TimerEvent: {}
[7.727723] (-) TimerEvent: {}
[7.828123] (-) TimerEvent: {}
[7.928493] (-) TimerEvent: {}
[8.028924] (-) TimerEvent: {}
[8.129300] (-) TimerEvent: {}
[8.229673] (-) TimerEvent: {}
[8.330068] (-) TimerEvent: {}
[8.430496] (-) TimerEvent: {}
[8.530930] (-) TimerEvent: {}
[8.631790] (-) TimerEvent: {}
[8.732412] (-) TimerEvent: {}
[8.832873] (-) TimerEvent: {}
[8.933280] (-) TimerEvent: {}
[9.033660] (-) TimerEvent: {}
[9.134051] (-) TimerEvent: {}
[9.234474] (-) TimerEvent: {}
[9.334870] (-) TimerEvent: {}
[9.411107] (state_machine_pkg) StdoutLine: {'line': b'-- Found FastRTPS: /opt/ros/humble/include  \n'}
[9.435007] (-) TimerEvent: {}
[9.535409] (-) TimerEvent: {}
[9.635804] (-) TimerEvent: {}
[9.736188] (-) TimerEvent: {}
[9.836581] (-) TimerEvent: {}
[9.937003] (-) TimerEvent: {}
[10.037360] (-) TimerEvent: {}
[10.137789] (-) TimerEvent: {}
[10.238184] (-) TimerEvent: {}
[10.338539] (-) TimerEvent: {}
[10.438917] (-) TimerEvent: {}
[10.539331] (-) TimerEvent: {}
[10.639714] (-) TimerEvent: {}
[10.740093] (-) TimerEvent: {}
[10.840471] (-) TimerEvent: {}
[10.940992] (-) TimerEvent: {}
[11.041473] (-) TimerEvent: {}
[11.141886] (-) TimerEvent: {}
[11.242299] (-) TimerEvent: {}
[11.342693] (-) TimerEvent: {}
[11.443129] (-) TimerEvent: {}
[11.543530] (-) TimerEvent: {}
[11.643977] (-) TimerEvent: {}
[11.744340] (-) TimerEvent: {}
[11.844714] (-) TimerEvent: {}
[11.945084] (-) TimerEvent: {}
[12.045486] (-) TimerEvent: {}
[12.145851] (-) TimerEvent: {}
[12.246245] (-) TimerEvent: {}
[12.346639] (-) TimerEvent: {}
[12.447156] (-) TimerEvent: {}
[12.547594] (-) TimerEvent: {}
[12.647990] (-) TimerEvent: {}
[12.748377] (-) TimerEvent: {}
[12.848768] (-) TimerEvent: {}
[12.949184] (-) TimerEvent: {}
[13.049568] (-) TimerEvent: {}
[13.149952] (-) TimerEvent: {}
[13.250354] (-) TimerEvent: {}
[13.350729] (-) TimerEvent: {}
[13.451130] (-) TimerEvent: {}
[13.551510] (-) TimerEvent: {}
[13.651910] (-) TimerEvent: {}
[13.752296] (-) TimerEvent: {}
[13.852682] (-) TimerEvent: {}
[13.953054] (-) TimerEvent: {}
[14.053437] (-) TimerEvent: {}
[14.153803] (-) TimerEvent: {}
[14.230929] (state_machine_pkg) CommandEnded: {'returncode': -2}
[14.232135] (state_machine_pkg) StderrLine: {'line': b'Traceback (most recent call last):\n  File "/usr/lib/python3/dist-packages/colcon_parallel_executor/executor/parallel.py", line 67, in execute\n    loop.run_until_complete(future)\n  File "/usr/lib/python3.10/asyncio/base_events.py", line 633, in run_until_complete\n    self.run_forever()\n  File "/usr/lib/python3.10/asyncio/base_events.py", line 600, in run_forever\n    self._run_once()\n  File "/usr/lib/python3.10/asyncio/base_events.py", line 1860, in _run_once\n    event_list = self._selector.select(timeout)\n  File "/usr/lib/python3.10/selectors.py", line 469, in select\n    fd_event_list = self._selector.poll(timeout, max_ev)\nKeyboardInterrupt\n\nDuring handling of the above exception, another exception occurred:\n\nTraceback (most recent call last):\n  File "/usr/lib/python3/dist-packages/colcon_core/executor/__init__.py", line 91, in __call__\n    rc = await self.task(*args, **kwargs)\n  File "/usr/lib/python3/dist-packages/colcon_core/task/__init__.py", line 93, in __call__\n    return await task_method(*args, **kwargs)\n  File "/usr/lib/python3/dist-packages/colcon_ros/task/ament_cmake/build.py", line 59, in build\n    rc = await extension.build(\n  File "/usr/lib/python3/dist-packages/colcon_cmake/task/cmake/build.py", line 87, in build\n    rc = await self._reconfigure(args, env)\n  File "/usr/lib/python3/dist-packages/colcon_cmake/task/cmake/build.py", line 182, in _reconfigure\n    buildfile = get_buildfile(cmake_cache)\n  File "/usr/lib/python3/dist-packages/colcon_cmake/task/cmake/__init__.py", line 112, in get_buildfile\n    if \'Ninja\' in generator:\nTypeError: argument of type \'NoneType\' is not iterable\n'}
[14.232274] (state_machine_pkg) JobEnded: {'identifier': 'state_machine_pkg', 'rc': 'SIGINT'}
[14.242960] (-) EventReactorShutdown: {}
